nohup: ./apply_filters-50.sh: Permission denied
OSD: Weak margin (1.50), horiz textlines, not CJK: Don't rotate.
OSD: Weak margin (6.42) for 80 blob text block, but using orientation anyway: 0
OSD: Weak margin (2.86) for 50 blob text block, but using orientation anyway: 0
OSD: Weak margin (6.41) for 48 blob text block, but using orientation anyway: 0
Too few characters. Skipping this page
OSD: Weak margin (0.00) for 14 blob text block, but using orientation anyway: 0
OSD: Weak margin (1.24) for 59 blob text block, but using orientation anyway: 3
Too few characters. Skipping this page
OSD: Weak margin (0.00) for 10 blob text block, but using orientation anyway: 0
OSD: Weak margin (3.27) for 48 blob text block, but using orientation anyway: 0
OSD: Weak margin (1.53) for 44 blob text block, but using orientation anyway: 0
Too few characters. Skipping this page
OSD: Weak margin (0.00) for 20 blob text block, but using orientation anyway: 0
Too few characters. Skipping this page
OSD: Weak margin (0.00) for 12 blob text block, but using orientation anyway: 0
OSD: Weak margin (4.91) for 77 blob text block, but using orientation anyway: 0
OSD: Weak margin (0.20) for 61 blob text block, but using orientation anyway: 0
Detected 32 diacritics
Too few characters. Skipping this page
OSD: Weak margin (0.00) for 18 blob text block, but using orientation anyway: 0
Too few characters. Skipping this page
OSD: Weak margin (0.00) for 10 blob text block, but using orientation anyway: 0
Too few characters. Skipping this page
OSD: Weak margin (0.00) for 17 blob text block, but using orientation anyway: 0
Too few characters. Skipping this page
OSD: Weak margin (0.00) for 2 blob text block, but using orientation anyway: 0
OSD: Weak margin (2.28) for 27 blob text block, but using orientation anyway: 0
OSD: Weak margin (0.60) for 34 blob text block, but using orientation anyway: 0
OSD: Weak margin (2.57) for 47 blob text block, but using orientation anyway: 0
OSD: Weak margin (4.84) for 54 blob text block, but using orientation anyway: 0
OSD: Weak margin (2.80) for 32 blob text block, but using orientation anyway: 0
OSD: Weak margin (2.43) for 66 blob text block, but using orientation anyway: 0
OSD: Weak margin (0.76) for 44 blob text block, but using orientation anyway: 0
Too few characters. Skipping this page
OSD: Weak margin (0.00) for 24 blob text block, but using orientation anyway: 0
Too few characters. Skipping this page
OSD: Weak margin (0.00) for 16 blob text block, but using orientation anyway: 0
Too few characters. Skipping this page
OSD: Weak margin (0.00) for 10 blob text block, but using orientation anyway: 0
Too few characters. Skipping this page
OSD: Weak margin (0.00) for 3 blob text block, but using orientation anyway: 0
OSD: Weak margin (0.21), horiz textlines, not CJK: Don't rotate.
OSD: Weak margin (3.10) for 29 blob text block, but using orientation anyway: 0
OSD: Weak margin (0.43) for 45 blob text block, but using orientation anyway: 3
Detected 33 diacritics
Too few characters. Skipping this page
OSD: Weak margin (0.00) for 14 blob text block, but using orientation anyway: 0
Too few characters. Skipping this page
OSD: Weak margin (0.00) for 10 blob text block, but using orientation anyway: 0
Detected 11 diacritics
OSD: Weak margin (0.19) for 38 blob text block, but using orientation anyway: 0
OSD: Weak margin (3.95) for 35 blob text block, but using orientation anyway: 0
Too few characters. Skipping this page
OSD: Weak margin (0.00) for 13 blob text block, but using orientation anyway: 0
Too few characters. Skipping this page
OSD: Weak margin (0.00) for 13 blob text block, but using orientation anyway: 0
OSD: Weak margin (1.74) for 32 blob text block, but using orientation anyway: 0
Detected 59 diacritics
OSD: Weak margin (2.54) for 32 blob text block, but using orientation anyway: 0
OSD: Weak margin (6.30) for 59 blob text block, but using orientation anyway: 0
OSD: Weak margin (1.24) for 48 blob text block, but using orientation anyway: 1
OSD: Weak margin (0.22), horiz textlines, not CJK: Don't rotate.
Detected 16 diacritics
OSD: Weak margin (0.76) for 31 blob text block, but using orientation anyway: 0
Detected 45 diacritics
OSD: Weak margin (0.51), horiz textlines, not CJK: Don't rotate.
Detected 118 diacritics
Too few characters. Skipping this page
OSD: Weak margin (0.00) for 13 blob text block, but using orientation anyway: 0
OSD: Weak margin (4.33) for 45 blob text block, but using orientation anyway: 0
OSD: Weak margin (0.86) for 50 blob text block, but using orientation anyway: 0
Too few characters. Skipping this page
OSD: Weak margin (0.00) for 10 blob text block, but using orientation anyway: 0
Detected 28 diacritics
OSD: Weak margin (6.78) for 60 blob text block, but using orientation anyway: 0
OSD: Weak margin (0.80) for 91 blob text block, but using orientation anyway: 0
OSD: Weak margin (4.05) for 29 blob text block, but using orientation anyway: 0
OSD: Weak margin (1.26) for 39 blob text block, but using orientation anyway: 0
Detected 53 diacritics
OSD: Weak margin (2.43) for 44 blob text block, but using orientation anyway: 0
Detected 49 diacritics
Too few characters. Skipping this page
OSD: Weak margin (0.00) for 17 blob text block, but using orientation anyway: 0
OSD: Weak margin (0.83) for 28 blob text block, but using orientation anyway: 0
Detected 5 diacritics
OSD: Weak margin (1.44) for 34 blob text block, but using orientation anyway: 0
Detected 8 diacritics
